<?xml version="1.0" encoding="UTF-8"?>
<!-- Generated by org.testng.reporters.JUnitReportReporter -->
<testsuite skipped="0" hostname="LAPTOP-VGI3336T" name="com.inetbanking.testcases.TC_AddCutomer_Test_003" tests="1" failures="0" timestamp="03 Mar 2021 06:02:18 GMT" time="21.147" errors="0">
  <testcase name="addNewCustomer" time="21.147" classname="com.inetbanking.testcases.TC_AddCutomer_Test_003"/>
</testsuite> <!-- com.inetbanking.testcases.TC_AddCutomer_Test_003 -->
