<?xml version="1.0" encoding="UTF-8"?>
<!-- Generated by org.testng.reporters.JUnitReportReporter -->
<testsuite skipped="0" hostname="LAPTOP-VGI3336T" name="com.inetbanking.testcases.TC_EditCustomer_004" tests="1" failures="0" timestamp="03 Mar 2021 07:45:19 GMT" time="13.957" errors="0">
  <testcase name="editCustomer" time="13.957" classname="com.inetbanking.testcases.TC_EditCustomer_004"/>
</testsuite> <!-- com.inetbanking.testcases.TC_EditCustomer_004 -->
